<?xml version="1.0" encoding="UTF-8"?>
<!-- Generated by org.testng.reporters.JUnitXMLReporter -->
<testsuite ignored="0" hostname="Robot" failures="0" tests="5" name="EdgeTest" time="34.558" errors="0" timestamp="2025-05-07T19:49:02 IST">
  <testcase classname="testscript1.LoginTest1" name="verifyUserIsAbleToLoginUsingInValidUsernameAndCorrectPassword" time="3.655"/>
  <testcase classname="testscript1.LogoutTest" name="verifyUserCanLogoutSuccessfully" time="5.163"/>
  <testcase classname="testscript1.LoginTest1" name="verifyUserIsAbleToLoginUsingInValidUsernameAndInCorrectPassword" time="0.794"/>
  <testcase classname="testscript1.LoginTest1" name="verifyUserIsAbleToLoginUsingValidUsernameAndIncorrectPassword" time="1.566"/>
  <testcase classname="testscript1.LoginTest1" name="verifyUserIsAbleToLoginUsingValidUsernameAndPassword" time="1.182"/>
</testsuite> <!-- EdgeTest -->
