<?xml version="1.0" encoding="UTF-8"?>
<!-- Generated by org.testng.reporters.JUnitXMLReporter -->
<testsuite ignored="0" hostname="Robot" failures="0" tests="5" name="FirefoxTest" time="45.228" errors="0" timestamp="2025-05-15T14:51:34 IST">
  <testcase classname="testscript1.LoginTest1" name="verifyUserIsAbleToLoginUsingInValidUsernameAndCorrectPassword" time="1.11"/>
  <testcase classname="testscript1.LogoutTest" name="verifyIfUserIsAbleToLogout" time="1.907"/>
  <testcase classname="testscript1.LoginTest1" name="verifyUserIsAbleToLoginUsingInValidUsernameAndInCorrectPassword" time="0.805"/>
  <testcase classname="testscript1.LoginTest1" name="verifyUserIsAbleToLoginUsingValidUsernameAndIncorrectPassword" time="0.622"/>
  <testcase classname="testscript1.LoginTest1" name="verifyUserIsAbleToLoginUsingValidUsernameAndPassword" time="1.791"/>
</testsuite> <!-- FirefoxTest -->
