<?xml version="1.0" encoding="UTF-8"?>
<!-- Generated by org.testng.reporters.JUnitXMLReporter -->
<testsuite ignored="0" hostname="Robot" failures="0" tests="4" name="Test" time="15.287" errors="0" timestamp="2025-05-09T02:34:03 IST">
  <testcase classname="testscript1.LoginTest1" name="verifyUserIsAbleToLoginUsingInValidUsernameAndCorrectPassword" time="1.577"/>
  <testcase classname="testscript1.LoginTest1" name="verifyUserIsAbleToLoginUsingInValidUsernameAndInCorrectPassword" time="1.346"/>
  <testcase classname="testscript1.LoginTest1" name="verifyUserIsAbleToLoginUsingValidUsernameAndIncorrectPassword" time="0.508"/>
  <testcase classname="testscript1.LoginTest1" name="verifyUserIsAbleToLoginUsingValidUsernameAndPassword" time="0.734"/>
</testsuite> <!-- Test -->
