<?xml version="1.0" encoding="UTF-8"?>
<!-- Generated by org.testng.reporters.JUnitXMLReporter -->
<testsuite ignored="3" hostname="Robot" failures="0" tests="1" name="ChromeTest" time="4.819" errors="0" timestamp="2025-05-15T14:42:24 IST">
  <testcase classname="testscript1.LoginTest1" name="verifyUserIsAbleToLoginUsingInValidUsernameAndCorrectPassword" time="1.261"/>
  <testcase classname="testscript1.LoginTest1" name="verifyUserIsAbleToLoginUsingValidUsernameAndIncorrectPassword" time="0.0">
    <ignored/>
  </testcase> <!-- verifyUserIsAbleToLoginUsingValidUsernameAndIncorrectPassword -->
  <testcase classname="testscript1.LoginTest1" name="verifyUserIsAbleToLoginUsingValidUsernameAndPassword" time="0.0">
    <ignored/>
  </testcase> <!-- verifyUserIsAbleToLoginUsingValidUsernameAndPassword -->
  <testcase classname="testscript1.LoginTest1" name="verifyUserIsAbleToLoginUsingInValidUsernameAndInCorrectPassword" time="0.0">
    <ignored/>
  </testcase> <!-- verifyUserIsAbleToLoginUsingInValidUsernameAndInCorrectPassword -->
</testsuite> <!-- ChromeTest -->
