<?xml version="1.0" encoding="UTF-8"?>
<!-- Generated by org.testng.reporters.JUnitXMLReporter -->
<testsuite ignored="0" hostname="Robot" failures="0" tests="4" name="EdgeTest" time="42.659" errors="0" timestamp="2025-05-07T19:24:25 IST">
  <testcase classname="testscript1.LoginTest1" name="verifyUserIsAbleToLoginUsingInValidUsernameAndCorrectPassword" time="0.996"/>
  <testcase classname="testscript1.LoginTest1" name="verifyUserIsAbleToLoginUsingInValidUsernameAndInCorrectPassword" time="1.826"/>
  <testcase classname="testscript1.LoginTest1" name="verifyUserIsAbleToLoginUsingValidUsernameAndIncorrectPassword" time="3.954"/>
  <testcase classname="testscript1.LoginTest1" name="verifyUserIsAbleToLoginUsingValidUsernameAndPassword" time="1.341"/>
</testsuite> <!-- EdgeTest -->
