<?xml version="1.0" encoding="UTF-8"?>
<testng-results ignored="0" total="4" passed="4" failed="0" skipped="0">
  <reporter-output>
  </reporter-output>
  <suite started-at="2025-05-23T03:47:29 IST" name="Suite" finished-at="2025-05-23T03:47:43 IST" duration-ms="14461">
    <groups>
      <group name="regression">
        <method signature="LoginTest1.verifyUserIsAbleToLoginUsingInValidUsernameAndCorrectPassword()[pri:0, instance:testscript1.LoginTest1@6bbe85a8]" name="verifyUserIsAbleToLoginUsingInValidUsernameAndCorrectPassword" class="testscript1.LoginTest1"/>
        <method signature="LoginTest1.verifyUserIsAbleToLoginUsingInValidUsernameAndInCorrectPassword()[pri:0, instance:testscript1.LoginTest1@6bbe85a8]" name="verifyUserIsAbleToLoginUsingInValidUsernameAndInCorrectPassword" class="testscript1.LoginTest1"/>
        <method signature="LoginTest1.verifyUserIsAbleToLoginUsingValidUsernameAndIncorrectPassword()[pri:0, instance:testscript1.LoginTest1@6bbe85a8]" name="verifyUserIsAbleToLoginUsingValidUsernameAndIncorrectPassword" class="testscript1.LoginTest1"/>
        <method signature="LoginTest1.verifyUserIsAbleToLoginUsingValidUsernameAndPassword()[pri:0, instance:testscript1.LoginTest1@6bbe85a8]" name="verifyUserIsAbleToLoginUsingValidUsernameAndPassword" class="testscript1.LoginTest1"/>
      </group> <!-- regression -->
    </groups>
    <test started-at="2025-05-23T03:47:29 IST" name="Test" finished-at="2025-05-23T03:47:43 IST" duration-ms="14461">
      <class name="testscript1.LoginTest1">
        <test-method is-config="true" signature="intializeBrowser(java.lang.String)[pri:0, instance:testscript1.LoginTest1@6bbe85a8]" started-at="2025-05-23T03:47:29 IST" name="intializeBrowser" finished-at="2025-05-23T03:47:35 IST" duration-ms="5749" status="PASS">
          <params>
            <param index="0">
              <value>
                <![CDATA[chrome]]>
              </value>
            </param>
          </params>
          <reporter-output>
          </reporter-output>
        </test-method> <!-- intializeBrowser -->
        <test-method signature="verifyUserIsAbleToLoginUsingInValidUsernameAndCorrectPassword()[pri:0, instance:testscript1.LoginTest1@6bbe85a8]" started-at="2025-05-23T03:47:35 IST" name="verifyUserIsAbleToLoginUsingInValidUsernameAndCorrectPassword" description="verify the user able to login using invalid username and correct password" finished-at="2025-05-23T03:47:36 IST" duration-ms="1178" status="PASS">
          <reporter-output>
          </reporter-output>
        </test-method> <!-- verifyUserIsAbleToLoginUsingInValidUsernameAndCorrectPassword -->
        <test-method is-config="true" signature="browserQuit(org.testng.ITestResult)[pri:0, instance:testscript1.LoginTest1@6bbe85a8]" started-at="2025-05-23T03:47:36 IST" name="browserQuit" finished-at="2025-05-23T03:47:36 IST" duration-ms="1" status="PASS">
          <params>
            <param index="0">
              <value>
                <![CDATA[[TestResult name=verifyUserIsAbleToLoginUsingInValidUsernameAndCorrectPassword status=SUCCESS method=LoginTest1.verifyUserIsAbleToLoginUsingInValidUsernameAndCorrectPassword()[pri:0, instance:testscript1.LoginTest1@6bbe85a8] output={null}]]]>
              </value>
            </param>
          </params>
          <reporter-output>
          </reporter-output>
        </test-method> <!-- browserQuit -->
        <test-method is-config="true" signature="intializeBrowser(java.lang.String)[pri:0, instance:testscript1.LoginTest1@6bbe85a8]" started-at="2025-05-23T03:47:36 IST" name="intializeBrowser" finished-at="2025-05-23T03:47:38 IST" duration-ms="1880" status="PASS">
          <params>
            <param index="0">
              <value>
                <![CDATA[chrome]]>
              </value>
            </param>
          </params>
          <reporter-output>
          </reporter-output>
        </test-method> <!-- intializeBrowser -->
        <test-method signature="verifyUserIsAbleToLoginUsingInValidUsernameAndInCorrectPassword()[pri:0, instance:testscript1.LoginTest1@6bbe85a8]" started-at="2025-05-23T03:47:38 IST" name="verifyUserIsAbleToLoginUsingInValidUsernameAndInCorrectPassword" description="verify the user able to login using invalid username and incorrect password" finished-at="2025-05-23T03:47:38 IST" duration-ms="427" status="PASS">
          <reporter-output>
          </reporter-output>
        </test-method> <!-- verifyUserIsAbleToLoginUsingInValidUsernameAndInCorrectPassword -->
        <test-method is-config="true" signature="browserQuit(org.testng.ITestResult)[pri:0, instance:testscript1.LoginTest1@6bbe85a8]" started-at="2025-05-23T03:47:38 IST" name="browserQuit" finished-at="2025-05-23T03:47:38 IST" duration-ms="0" status="PASS">
          <params>
            <param index="0">
              <value>
                <![CDATA[[TestResult name=verifyUserIsAbleToLoginUsingInValidUsernameAndInCorrectPassword status=SUCCESS method=LoginTest1.verifyUserIsAbleToLoginUsingInValidUsernameAndInCorrectPassword()[pri:0, instance:testscript1.LoginTest1@6bbe85a8] output={null}]]]>
              </value>
            </param>
          </params>
          <reporter-output>
          </reporter-output>
        </test-method> <!-- browserQuit -->
        <test-method is-config="true" signature="intializeBrowser(java.lang.String)[pri:0, instance:testscript1.LoginTest1@6bbe85a8]" started-at="2025-05-23T03:47:38 IST" name="intializeBrowser" finished-at="2025-05-23T03:47:40 IST" duration-ms="1934" status="PASS">
          <params>
            <param index="0">
              <value>
                <![CDATA[chrome]]>
              </value>
            </param>
          </params>
          <reporter-output>
          </reporter-output>
        </test-method> <!-- intializeBrowser -->
        <test-method signature="verifyUserIsAbleToLoginUsingValidUsernameAndIncorrectPassword()[pri:0, instance:testscript1.LoginTest1@6bbe85a8]" started-at="2025-05-23T03:47:40 IST" name="verifyUserIsAbleToLoginUsingValidUsernameAndIncorrectPassword" description="verify the user able to login using  valid username and incorrect password" finished-at="2025-05-23T03:47:41 IST" duration-ms="555" status="PASS">
          <reporter-output>
          </reporter-output>
        </test-method> <!-- verifyUserIsAbleToLoginUsingValidUsernameAndIncorrectPassword -->
        <test-method is-config="true" signature="browserQuit(org.testng.ITestResult)[pri:0, instance:testscript1.LoginTest1@6bbe85a8]" started-at="2025-05-23T03:47:41 IST" name="browserQuit" finished-at="2025-05-23T03:47:41 IST" duration-ms="0" status="PASS">
          <params>
            <param index="0">
              <value>
                <![CDATA[[TestResult name=verifyUserIsAbleToLoginUsingValidUsernameAndIncorrectPassword status=SUCCESS method=LoginTest1.verifyUserIsAbleToLoginUsingValidUsernameAndIncorrectPassword()[pri:0, instance:testscript1.LoginTest1@6bbe85a8] output={null}]]]>
              </value>
            </param>
          </params>
          <reporter-output>
          </reporter-output>
        </test-method> <!-- browserQuit -->
        <test-method is-config="true" signature="intializeBrowser(java.lang.String)[pri:0, instance:testscript1.LoginTest1@6bbe85a8]" started-at="2025-05-23T03:47:41 IST" name="intializeBrowser" finished-at="2025-05-23T03:47:43 IST" duration-ms="1967" status="PASS">
          <params>
            <param index="0">
              <value>
                <![CDATA[chrome]]>
              </value>
            </param>
          </params>
          <reporter-output>
          </reporter-output>
        </test-method> <!-- intializeBrowser -->
        <test-method signature="verifyUserIsAbleToLoginUsingValidUsernameAndPassword()[pri:0, instance:testscript1.LoginTest1@6bbe85a8]" started-at="2025-05-23T03:47:43 IST" name="verifyUserIsAbleToLoginUsingValidUsernameAndPassword" description="verify the user able to login using  valid valid username and password" finished-at="2025-05-23T03:47:43 IST" duration-ms="727" status="PASS">
          <reporter-output>
          </reporter-output>
        </test-method> <!-- verifyUserIsAbleToLoginUsingValidUsernameAndPassword -->
        <test-method is-config="true" signature="browserQuit(org.testng.ITestResult)[pri:0, instance:testscript1.LoginTest1@6bbe85a8]" started-at="2025-05-23T03:47:43 IST" name="browserQuit" finished-at="2025-05-23T03:47:43 IST" duration-ms="0" status="PASS">
          <params>
            <param index="0">
              <value>
                <![CDATA[[TestResult name=verifyUserIsAbleToLoginUsingValidUsernameAndPassword status=SUCCESS method=LoginTest1.verifyUserIsAbleToLoginUsingValidUsernameAndPassword()[pri:0, instance:testscript1.LoginTest1@6bbe85a8] output={null}]]]>
              </value>
            </param>
          </params>
          <reporter-output>
          </reporter-output>
        </test-method> <!-- browserQuit -->
      </class> <!-- testscript1.LoginTest1 -->
    </test> <!-- Test -->
  </suite> <!-- Suite -->
</testng-results>
