<?xml version="1.0" encoding="UTF-8"?>
<testng-results ignored="0" total="4" passed="4" failed="0" skipped="0">
  <reporter-output>
  </reporter-output>
  <suite started-at="2025-05-09T02:33:48 IST" name="Suite" finished-at="2025-05-09T02:34:03 IST" duration-ms="15287">
    <groups>
      <group name="regression">
        <method signature="LoginTest1.verifyUserIsAbleToLoginUsingInValidUsernameAndCorrectPassword()[pri:0, instance:testscript1.LoginTest1@17fc391b]" name="verifyUserIsAbleToLoginUsingInValidUsernameAndCorrectPassword" class="testscript1.LoginTest1"/>
        <method signature="LoginTest1.verifyUserIsAbleToLoginUsingInValidUsernameAndInCorrectPassword()[pri:0, instance:testscript1.LoginTest1@17fc391b]" name="verifyUserIsAbleToLoginUsingInValidUsernameAndInCorrectPassword" class="testscript1.LoginTest1"/>
        <method signature="LoginTest1.verifyUserIsAbleToLoginUsingValidUsernameAndIncorrectPassword()[pri:0, instance:testscript1.LoginTest1@17fc391b]" name="verifyUserIsAbleToLoginUsingValidUsernameAndIncorrectPassword" class="testscript1.LoginTest1"/>
        <method signature="LoginTest1.verifyUserIsAbleToLoginUsingValidUsernameAndPassword()[pri:0, instance:testscript1.LoginTest1@17fc391b]" name="verifyUserIsAbleToLoginUsingValidUsernameAndPassword" class="testscript1.LoginTest1"/>
      </group> <!-- regression -->
    </groups>
    <test started-at="2025-05-09T02:33:48 IST" name="Test" finished-at="2025-05-09T02:34:03 IST" duration-ms="15287">
      <class name="testscript1.LoginTest1">
        <test-method is-config="true" signature="intializeBrowser(java.lang.String)[pri:0, instance:testscript1.LoginTest1@17fc391b]" started-at="2025-05-09T02:33:48 IST" name="intializeBrowser" finished-at="2025-05-09T02:33:51 IST" duration-ms="3816" status="PASS">
          <params>
            <param index="0">
              <value>
                <![CDATA[chrome]]>
              </value>
            </param>
          </params>
          <reporter-output>
          </reporter-output>
        </test-method> <!-- intializeBrowser -->
        <test-method signature="verifyUserIsAbleToLoginUsingInValidUsernameAndCorrectPassword()[pri:0, instance:testscript1.LoginTest1@17fc391b]" started-at="2025-05-09T02:33:51 IST" name="verifyUserIsAbleToLoginUsingInValidUsernameAndCorrectPassword" finished-at="2025-05-09T02:33:53 IST" duration-ms="1577" status="PASS">
          <reporter-output>
          </reporter-output>
        </test-method> <!-- verifyUserIsAbleToLoginUsingInValidUsernameAndCorrectPassword -->
        <test-method is-config="true" signature="browserQuit(org.testng.ITestResult)[pri:0, instance:testscript1.LoginTest1@17fc391b]" started-at="2025-05-09T02:33:53 IST" name="browserQuit" finished-at="2025-05-09T02:33:53 IST" duration-ms="1" status="PASS">
          <params>
            <param index="0">
              <value>
                <![CDATA[[TestResult name=verifyUserIsAbleToLoginUsingInValidUsernameAndCorrectPassword status=SUCCESS method=LoginTest1.verifyUserIsAbleToLoginUsingInValidUsernameAndCorrectPassword()[pri:0, instance:testscript1.LoginTest1@17fc391b] output={null}]]]>
              </value>
            </param>
          </params>
          <reporter-output>
          </reporter-output>
        </test-method> <!-- browserQuit -->
        <test-method is-config="true" signature="intializeBrowser(java.lang.String)[pri:0, instance:testscript1.LoginTest1@17fc391b]" started-at="2025-05-09T02:33:53 IST" name="intializeBrowser" finished-at="2025-05-09T02:33:55 IST" duration-ms="2370" status="PASS">
          <params>
            <param index="0">
              <value>
                <![CDATA[chrome]]>
              </value>
            </param>
          </params>
          <reporter-output>
          </reporter-output>
        </test-method> <!-- intializeBrowser -->
        <test-method signature="verifyUserIsAbleToLoginUsingInValidUsernameAndInCorrectPassword()[pri:0, instance:testscript1.LoginTest1@17fc391b]" started-at="2025-05-09T02:33:55 IST" name="verifyUserIsAbleToLoginUsingInValidUsernameAndInCorrectPassword" finished-at="2025-05-09T02:33:57 IST" duration-ms="1346" status="PASS">
          <reporter-output>
          </reporter-output>
        </test-method> <!-- verifyUserIsAbleToLoginUsingInValidUsernameAndInCorrectPassword -->
        <test-method is-config="true" signature="browserQuit(org.testng.ITestResult)[pri:0, instance:testscript1.LoginTest1@17fc391b]" started-at="2025-05-09T02:33:57 IST" name="browserQuit" finished-at="2025-05-09T02:33:57 IST" duration-ms="0" status="PASS">
          <params>
            <param index="0">
              <value>
                <![CDATA[[TestResult name=verifyUserIsAbleToLoginUsingInValidUsernameAndInCorrectPassword status=SUCCESS method=LoginTest1.verifyUserIsAbleToLoginUsingInValidUsernameAndInCorrectPassword()[pri:0, instance:testscript1.LoginTest1@17fc391b] output={null}]]]>
              </value>
            </param>
          </params>
          <reporter-output>
          </reporter-output>
        </test-method> <!-- browserQuit -->
        <test-method is-config="true" signature="intializeBrowser(java.lang.String)[pri:0, instance:testscript1.LoginTest1@17fc391b]" started-at="2025-05-09T02:33:57 IST" name="intializeBrowser" finished-at="2025-05-09T02:33:59 IST" duration-ms="2663" status="PASS">
          <params>
            <param index="0">
              <value>
                <![CDATA[chrome]]>
              </value>
            </param>
          </params>
          <reporter-output>
          </reporter-output>
        </test-method> <!-- intializeBrowser -->
        <test-method signature="verifyUserIsAbleToLoginUsingValidUsernameAndIncorrectPassword()[pri:0, instance:testscript1.LoginTest1@17fc391b]" started-at="2025-05-09T02:33:59 IST" name="verifyUserIsAbleToLoginUsingValidUsernameAndIncorrectPassword" finished-at="2025-05-09T02:34:00 IST" duration-ms="508" status="PASS">
          <reporter-output>
          </reporter-output>
        </test-method> <!-- verifyUserIsAbleToLoginUsingValidUsernameAndIncorrectPassword -->
        <test-method is-config="true" signature="browserQuit(org.testng.ITestResult)[pri:0, instance:testscript1.LoginTest1@17fc391b]" started-at="2025-05-09T02:34:00 IST" name="browserQuit" finished-at="2025-05-09T02:34:00 IST" duration-ms="1" status="PASS">
          <params>
            <param index="0">
              <value>
                <![CDATA[[TestResult name=verifyUserIsAbleToLoginUsingValidUsernameAndIncorrectPassword status=SUCCESS method=LoginTest1.verifyUserIsAbleToLoginUsingValidUsernameAndIncorrectPassword()[pri:0, instance:testscript1.LoginTest1@17fc391b] output={null}]]]>
              </value>
            </param>
          </params>
          <reporter-output>
          </reporter-output>
        </test-method> <!-- browserQuit -->
        <test-method is-config="true" signature="intializeBrowser(java.lang.String)[pri:0, instance:testscript1.LoginTest1@17fc391b]" started-at="2025-05-09T02:34:00 IST" name="intializeBrowser" finished-at="2025-05-09T02:34:02 IST" duration-ms="2222" status="PASS">
          <params>
            <param index="0">
              <value>
                <![CDATA[chrome]]>
              </value>
            </param>
          </params>
          <reporter-output>
          </reporter-output>
        </test-method> <!-- intializeBrowser -->
        <test-method signature="verifyUserIsAbleToLoginUsingValidUsernameAndPassword()[pri:0, instance:testscript1.LoginTest1@17fc391b]" started-at="2025-05-09T02:34:02 IST" name="verifyUserIsAbleToLoginUsingValidUsernameAndPassword" finished-at="2025-05-09T02:34:03 IST" duration-ms="734" status="PASS">
          <reporter-output>
          </reporter-output>
        </test-method> <!-- verifyUserIsAbleToLoginUsingValidUsernameAndPassword -->
        <test-method is-config="true" signature="browserQuit(org.testng.ITestResult)[pri:0, instance:testscript1.LoginTest1@17fc391b]" started-at="2025-05-09T02:34:03 IST" name="browserQuit" finished-at="2025-05-09T02:34:03 IST" duration-ms="0" status="PASS">
          <params>
            <param index="0">
              <value>
                <![CDATA[[TestResult name=verifyUserIsAbleToLoginUsingValidUsernameAndPassword status=SUCCESS method=LoginTest1.verifyUserIsAbleToLoginUsingValidUsernameAndPassword()[pri:0, instance:testscript1.LoginTest1@17fc391b] output={null}]]]>
              </value>
            </param>
          </params>
          <reporter-output>
          </reporter-output>
        </test-method> <!-- browserQuit -->
      </class> <!-- testscript1.LoginTest1 -->
    </test> <!-- Test -->
  </suite> <!-- Suite -->
</testng-results>
